2023-11-10 17:01:18.200 INFO  [restartedMain] [c.c.s.SpringbootstudyApplication] - Starting SpringbootstudyApplication using Java 17.0.7 on FULL8-001 with PID 4836 (D:\PARK\Chunjae_IT_Edu-Study_Proj05\build\classes\java\main started by db400tea in D:\PARK\Chunjae_IT_Edu-Study_Proj05)
2023-11-10 17:01:18.202 INFO  [restartedMain] [c.c.s.SpringbootstudyApplication] - No active profile set, falling back to 1 default profile: "default"
2023-11-10 17:01:18.231 INFO  [restartedMain] [o.s.b.d.e.DevToolsPropertyDefaultsPostProcessor] - Devtools property defaults active! Set 'spring.devtools.add-properties' to 'false' to disable
2023-11-10 17:01:18.232 INFO  [restartedMain] [o.s.b.d.e.DevToolsPropertyDefaultsPostProcessor] - For additional web related logging consider setting the 'logging.level.web' property to 'DEBUG'
2023-11-10 17:01:18.832 INFO  [restartedMain] [o.s.b.w.embedded.tomcat.TomcatWebServer] - Tomcat initialized with port(s): 8085 (http)
2023-11-10 17:01:18.837 INFO  [restartedMain] [o.apache.coyote.http11.Http11NioProtocol] - Initializing ProtocolHandler ["http-nio-8085"]
2023-11-10 17:01:18.838 INFO  [restartedMain] [org.apache.catalina.core.StandardService] - Starting service [Tomcat]
2023-11-10 17:01:18.838 INFO  [restartedMain] [org.apache.catalina.core.StandardEngine] - Starting Servlet engine: [Apache Tomcat/9.0.82]
2023-11-10 17:01:18.881 INFO  [restartedMain] [o.a.c.c.C.[Tomcat].[localhost].[/]] - Initializing Spring embedded WebApplicationContext
2023-11-10 17:01:18.881 INFO  [restartedMain] [o.s.b.w.s.c.ServletWebServerApplicationContext] - Root WebApplicationContext: initialization completed in 649 ms
2023-11-10 17:01:19.021 WARN  [restartedMain] [o.s.b.a.s.s.UserDetailsServiceAutoConfiguration] - 

Using generated security password: c006f8c7-0061-4776-96c4-7397d32e15b2

This generated password is for development use only. Your security configuration must be updated before running your application in production.

2023-11-10 17:01:19.052 WARN  [restartedMain] [o.s.s.c.a.web.builders.WebSecurity] - You are asking Spring Security to ignore Ant [pattern='/css/**']. This is not recommended -- please use permitAll via HttpSecurity#authorizeHttpRequests instead.
2023-11-10 17:01:19.052 INFO  [restartedMain] [o.s.s.web.DefaultSecurityFilterChain] - Will not secure Ant [pattern='/css/**']
2023-11-10 17:01:19.052 WARN  [restartedMain] [o.s.s.c.a.web.builders.WebSecurity] - You are asking Spring Security to ignore Ant [pattern='/js/**']. This is not recommended -- please use permitAll via HttpSecurity#authorizeHttpRequests instead.
2023-11-10 17:01:19.052 INFO  [restartedMain] [o.s.s.web.DefaultSecurityFilterChain] - Will not secure Ant [pattern='/js/**']
2023-11-10 17:01:19.052 WARN  [restartedMain] [o.s.s.c.a.web.builders.WebSecurity] - You are asking Spring Security to ignore Ant [pattern='/img/**']. This is not recommended -- please use permitAll via HttpSecurity#authorizeHttpRequests instead.
2023-11-10 17:01:19.053 INFO  [restartedMain] [o.s.s.web.DefaultSecurityFilterChain] - Will not secure Ant [pattern='/img/**']
2023-11-10 17:01:19.072 INFO  [restartedMain] [o.s.s.web.DefaultSecurityFilterChain] - Will secure any request with [org.springframework.security.web.session.DisableEncodeUrlFilter@253c6eaf, org.springframework.security.web.context.request.async.WebAsyncManagerIntegrationFilter@761b26bf, org.springframework.security.web.context.SecurityContextPersistenceFilter@5bbb4b2a, org.springframework.security.web.header.HeaderWriterFilter@343eaed8, org.springframework.security.web.authentication.logout.LogoutFilter@94b2d74, org.springframework.security.web.authentication.UsernamePasswordAuthenticationFilter@c5a9232, org.springframework.security.web.savedrequest.RequestCacheAwareFilter@488a4b9d, org.springframework.security.web.servletapi.SecurityContextHolderAwareRequestFilter@313895dc, org.springframework.security.web.authentication.AnonymousAuthenticationFilter@382af276, org.springframework.security.web.session.SessionManagementFilter@30354a6a, org.springframework.security.web.access.ExceptionTranslationFilter@27be7878, org.springframework.security.web.access.intercept.FilterSecurityInterceptor@2b74d23]
2023-11-10 17:01:19.228 INFO  [restartedMain] [o.s.b.d.a.OptionalLiveReloadServer] - LiveReload server is running on port 35729
2023-11-10 17:01:19.238 INFO  [restartedMain] [o.apache.coyote.http11.Http11NioProtocol] - Starting ProtocolHandler ["http-nio-8085"]
2023-11-10 17:01:19.249 INFO  [restartedMain] [o.s.b.w.embedded.tomcat.TomcatWebServer] - Tomcat started on port(s): 8085 (http) with context path ''
2023-11-10 17:01:19.256 INFO  [restartedMain] [c.c.s.SpringbootstudyApplication] - Started SpringbootstudyApplication in 1.24 seconds (JVM running for 1.71)
2023-11-10 17:01:25.039 INFO  [http-nio-8085-exec-1] [o.a.c.c.C.[Tomcat].[localhost].[/]] - Initializing Spring DispatcherServlet 'dispatcherServlet'
2023-11-10 17:01:25.039 INFO  [http-nio-8085-exec-1] [o.s.web.servlet.DispatcherServlet] - Initializing Servlet 'dispatcherServlet'
2023-11-10 17:01:25.039 INFO  [http-nio-8085-exec-1] [o.s.web.servlet.DispatcherServlet] - Completed initialization in 0 ms
2023-11-10 17:01:26.517 WARN  [http-nio-8085-exec-5] [o.s.web.servlet.PageNotFound] - No mapping for GET /login
2023-11-10 17:01:27.655 INFO  [http-nio-8085-exec-3] [com.zaxxer.hikari.HikariDataSource] - HikariPool-1 - Starting...
2023-11-10 17:01:27.763 INFO  [http-nio-8085-exec-3] [com.zaxxer.hikari.HikariDataSource] - HikariPool-1 - Start completed.
2023-11-10 20:22:48.791 INFO  [SpringApplicationShutdownHook] [com.zaxxer.hikari.HikariDataSource] - HikariPool-1 - Shutdown initiated...
2023-11-10 20:22:48.793 INFO  [SpringApplicationShutdownHook] [com.zaxxer.hikari.HikariDataSource] - HikariPool-1 - Shutdown completed.
